c:\users\jan\documents\github\bc_altap\as_sdk\salamand\plugins\demoplug\vcproj2019\vc2019\release_x64\plugins\syntaxhighlight\intermediate\syntaxhighlight.pch
c:\users\jan\documents\github\bc_altap\as_sdk\salamand\plugins\demoplug\vcproj2019\vc2019\release_x64\plugins\syntaxhighlight\intermediate\vc143.pdb
c:\users\jan\documents\github\bc_altap\as_sdk\salamand\plugins\demoplug\vcproj2019\vc2019\release_x64\plugins\syntaxhighlight\intermediate\precomp.obj
c:\users\jan\documents\github\bc_altap\as_sdk\salamand\plugins\demoplug\vcproj2019\vc2019\release_x64\plugins\syntaxhighlight\intermediate\demoplug.obj
c:\users\jan\documents\github\bc_altap\as_sdk\salamand\plugins\demoplug\vcproj2019\vc2019\release_x64\plugins\syntaxhighlight\intermediate\viewer.obj
c:\users\jan\documents\github\bc_altap\as_sdk\salamand\plugins\demoplug\vcproj2019\vc2019\release_x64\plugins\syntaxhighlight\intermediate\mhandles.obj
c:\users\jan\documents\github\bc_altap\as_sdk\salamand\plugins\demoplug\vcproj2019\vc2019\release_x64\plugins\syntaxhighlight\intermediate\ieviewer.obj
c:\users\jan\documents\github\bc_altap\as_sdk\salamand\plugins\demoplug\vcproj2019\vc2019\release_x64\plugins\syntaxhighlight\intermediate\thumbldr.obj
c:\users\jan\documents\github\bc_altap\as_sdk\salamand\plugins\demoplug\vcproj2019\vc2019\release_x64\plugins\syntaxhighlight\intermediate\dialogs.obj
c:\users\jan\documents\github\bc_altap\as_sdk\salamand\plugins\demoplug\vcproj2019\vc2019\release_x64\plugins\syntaxhighlight\intermediate\fs1.obj
c:\users\jan\documents\github\bc_altap\as_sdk\salamand\plugins\demoplug\vcproj2019\vc2019\release_x64\plugins\syntaxhighlight\intermediate\auxtools.obj
c:\users\jan\documents\github\bc_altap\as_sdk\salamand\plugins\demoplug\vcproj2019\vc2019\release_x64\plugins\syntaxhighlight\intermediate\winliblt.obj
c:\users\jan\documents\github\bc_altap\as_sdk\salamand\plugins\demoplug\vcproj2019\vc2019\release_x64\plugins\syntaxhighlight\intermediate\menu.obj
c:\users\jan\documents\github\bc_altap\as_sdk\salamand\plugins\demoplug\vcproj2019\vc2019\release_x64\plugins\syntaxhighlight\intermediate\fs2.obj
c:\users\jan\documents\github\bc_altap\as_sdk\salamand\plugins\demoplug\vcproj2019\vc2019\release_x64\plugins\syntaxhighlight\intermediate\dbg.obj
c:\users\jan\documents\github\bc_altap\as_sdk\salamand\plugins\demoplug\vcproj2019\vc2019\release_x64\plugins\syntaxhighlight\intermediate\archiver.obj
c:\users\jan\documents\github\bc_altap\as_sdk\salamand\plugins\demoplug\vcproj2019\vc2019\release_x64\plugins\syntaxhighlight\syntaxhighlight.spl
c:\users\jan\documents\github\bc_altap\as_sdk\salamand\plugins\demoplug\vcproj2019\vc2019\release_x64\plugins\syntaxhighlight\syntaxhighlight.pdb
c:\users\jan\documents\github\bc_altap\as_sdk\salamand\plugins\demoplug\vcproj2019\vc2019\release_x64\plugins\syntaxhighlight\intermediate\demoplug.res
c:\users\jan\documents\github\bc_altap\as_sdk\salamand\plugins\demoplug\vcproj2019\vc2019\release_x64\plugins\syntaxhighlight\intermediate\resource.res
c:\users\jan\documents\github\bc_altap\as_sdk\salamand\plugins\demoplug\vcproj2019\vc2019\release_x64\plugins\syntaxhighlight\intermediate\syntaxhighlightingdialog.res
c:\users\jan\documents\github\bc_altap\as_sdk\salamand\plugins\demoplug\vcproj2019\vc2019\release_x64\plugins\syntaxhighlight\syntaxhighlight.lib
c:\users\jan\documents\github\bc_altap\as_sdk\salamand\plugins\demoplug\vcproj2019\vc2019\release_x64\plugins\syntaxhighlight\syntaxhighlight.exp
c:\users\jan\documents\github\bc_altap\as_sdk\salamand\plugins\demoplug\vcproj2019\vc2019\release_x64\plugins\syntaxhighlight\intermediate\syntaxhighlight.iobj
c:\users\jan\documents\github\bc_altap\as_sdk\salamand\plugins\demoplug\vcproj2019\vc2019\release_x64\plugins\syntaxhighlight\intermediate\syntaxhighlight.tlog\cl.command.1.tlog
c:\users\jan\documents\github\bc_altap\as_sdk\salamand\plugins\demoplug\vcproj2019\vc2019\release_x64\plugins\syntaxhighlight\intermediate\syntaxhighlight.tlog\cl.items.tlog
c:\users\jan\documents\github\bc_altap\as_sdk\salamand\plugins\demoplug\vcproj2019\vc2019\release_x64\plugins\syntaxhighlight\intermediate\syntaxhighlight.tlog\cl.read.1.tlog
c:\users\jan\documents\github\bc_altap\as_sdk\salamand\plugins\demoplug\vcproj2019\vc2019\release_x64\plugins\syntaxhighlight\intermediate\syntaxhighlight.tlog\cl.write.1.tlog
c:\users\jan\documents\github\bc_altap\as_sdk\salamand\plugins\demoplug\vcproj2019\vc2019\release_x64\plugins\syntaxhighlight\intermediate\syntaxhighlight.tlog\link.command.1.tlog
c:\users\jan\documents\github\bc_altap\as_sdk\salamand\plugins\demoplug\vcproj2019\vc2019\release_x64\plugins\syntaxhighlight\intermediate\syntaxhighlight.tlog\link.read.1.tlog
c:\users\jan\documents\github\bc_altap\as_sdk\salamand\plugins\demoplug\vcproj2019\vc2019\release_x64\plugins\syntaxhighlight\intermediate\syntaxhighlight.tlog\link.secondary.1.tlog
c:\users\jan\documents\github\bc_altap\as_sdk\salamand\plugins\demoplug\vcproj2019\vc2019\release_x64\plugins\syntaxhighlight\intermediate\syntaxhighlight.tlog\link.write.1.tlog
c:\users\jan\documents\github\bc_altap\as_sdk\salamand\plugins\demoplug\vcproj2019\vc2019\release_x64\plugins\syntaxhighlight\intermediate\syntaxhighlight.tlog\rc.command.1.tlog
c:\users\jan\documents\github\bc_altap\as_sdk\salamand\plugins\demoplug\vcproj2019\vc2019\release_x64\plugins\syntaxhighlight\intermediate\syntaxhighlight.tlog\rc.read.1.tlog
c:\users\jan\documents\github\bc_altap\as_sdk\salamand\plugins\demoplug\vcproj2019\vc2019\release_x64\plugins\syntaxhighlight\intermediate\syntaxhighlight.tlog\rc.write.1.tlog
