  precomp.cpp
  auxtools.cpp
  dbg.cpp
  mhandles.cpp
  winliblt.cpp
  archiver.cpp
  demoplug.cpp
  dialogs.cpp
  fs1.cpp
  fs2.cpp
  ieviewer.cpp
  menu.cpp
  thumbldr.cpp
  viewer.cpp
     Vytváří se knihovna vc2019\Release_x64\plugins\SyntaxHighlight\SyntaxHighlight.lib a objekt vc2019\Release_x64\plugins\SyntaxHighlight\SyntaxHighlight.exp.
SyntaxHighlight.exp : warning LNK4070: Direktiva /OUT:DEMOPLUG.SPL v souboru .exp se liší od názvu výstupního souboru vc2019\Release_x64\plugins\SyntaxHighlight\SyntaxHighlight.spl. Direktiva se ignoruje.
  Vytváří se kód.
  Vytváření kódu se dokončilo.
SyntaxHighlight.exp : warning LNK4070: Direktiva /OUT:DEMOPLUG.SPL v souboru .exp se liší od názvu výstupního souboru vc2019\Release_x64\plugins\SyntaxHighlight\SyntaxHighlight.spl. Direktiva se ignoruje.
  SyntaxHighlight.vcxproj -> C:\Users\Jan\Documents\GitHub\BC_ALTAP\AS_SDK\salamand\plugins\demoplug\vcproj2019\vc2019\Release_x64\plugins\SyntaxHighlight\SyntaxHighlight.spl
